<?xml version="1.0" encoding="UTF-8"?>
<!-- Generated by org.testng.reporters.JUnitXMLReporter -->
<testsuite ignored="0" hostname="EPINHYDW06DC" failures="0" tests="5" name="Default test" time="0.059" errors="0" timestamp="2023-10-11T22:17:25 IST">
  <testcase classname="com.testng.CalculatorTest" name="testAdd" time="0.013"/>
  <testcase classname="com.testng.CalculatorTest" name="testDivide" time="0.0"/>
  <testcase classname="com.testng.CalculatorTest" name="testDivideByZero" time="0.001"/>
  <testcase classname="com.testng.CalculatorTest" name="testMultiply" time="0.001"/>
  <testcase classname="com.testng.CalculatorTest" name="testSubtract" time="0.001"/>
</testsuite> <!-- Default test -->
